###############################################################################
#                                                                             #
# IAR C/C++ Compiler V7.60.1.40026 for 8051             09/Apr/2014  09:37:43 #
# Copyright (C) 2004-2010 IAR Systems AB.                                     #
#                                                                             #
#    Core               =  plain                                              #
#    Code model         =  banked                                             #
#    Data model         =  large                                              #
#    Calling convention =  xdata reentrant                                    #
#    Constant location  =  data_rom                                           #
#    Dptr setup         =  1,16                                               #
#    Source file        =  D:\zigbee\projects\zstack-cc2530-coordinator\Compo #
#                          nents\hal\target\CC2530EB\hal_adc.c                #
#    Command line       =  -f D:\zigbee\projects\zstack-cc2530-coordinator\Pr #
#                          ojects\zstack\Samples\GenericApp\CC2530DB\..\..\.. #
#                          \Tools\CC2530DB\f8wCoord.cfg (-DCPU32MHZ           #
#                          -DROOT=__near_func -DMAC_CFG_APP_PENDING_QUEUE=TRU #
#                          E -DMAC_CFG_TX_DATA_MAX=5 -DMAC_CFG_TX_MAX=8       #
#                          -DMAC_CFG_RX_MAX=5 -DZDO_COORDINATOR -DRTR_NWK)    #
#                          -f D:\zigbee\projects\zstack-cc2530-coordinator\Pr #
#                          ojects\zstack\Samples\GenericApp\CC2530DB\..\..\.. #
#                          \Tools\CC2530DB\f8wConfig.cfg (-DZIGBEEPRO         #
#                          -DSECURE=0 -DZG_SECURE_DYNAMIC=0 -DREFLECTOR       #
#                          -DDEFAULT_CHANLIST=0x00000800                      #
#                          -DZDAPP_CONFIG_PAN_ID=0x1111                       #
#                          -DNWK_START_DELAY=100 -DEXTENDED_JOINING_RANDOM_MA #
#                          SK=0x007F -DBEACON_REQUEST_DELAY=100               #
#                          -DBEACON_REQ_DELAY_MASK=0x00FF                     #
#                          -DLINK_STATUS_JITTER_MASK=0x007F                   #
#                          -DROUTE_EXPIRY_TIME=30 -DAPSC_ACK_WAIT_DURATION_PO #
#                          LLED=3000 -DNWK_INDIRECT_MSG_TIMEOUT=7             #
#                          -DMAX_RREQ_ENTRIES=8 -DAPSC_MAX_FRAME_RETRIES=3    #
#                          -DNWK_MAX_DATA_RETRIES=2                           #
#                          -DMAX_POLL_FAILURE_RETRIES=2 -DMAX_BCAST=9         #
#                          -DAPS_MAX_GROUPS=16 -DMAX_RTG_ENTRIES=40           #
#                          -DNWK_MAX_BINDING_ENTRIES=4                        #
#                          -DMAX_BINDING_CLUSTER_IDS=4 "-DDEFAULT_KEY={0x01,  #
#                          0x03, 0x05, 0x07, 0x09, 0x0B, 0x0D, 0x0F, 0x00,    #
#                          0x02, 0x04, 0x06, 0x08, 0x0A, 0x0C, 0x0D}"         #
#                          -DMAC_MAX_FRAME_SIZE=116                           #
#                          -DZDNWKMGR_MIN_TRANSMISSIONS=20 "-DCONST=const     #
#                          __code" -DGENERIC=__generic                        #
#                          -DRFD_RCVC_ALWAYS_ON=FALSE -DPOLL_RATE=1000        #
#                          -DQUEUED_POLL_RATE=100 -DRESPONSE_POLL_RATE=100)   #
#                          -DREJOIN_POLL_RATE=440 D:\zigbee\projects\zstack-c #
#                          c2530-coordinator\Components\hal\target\CC2530EB\h #
#                          al_adc.c -D ZAPP_P1 -D MT_TASK -D MT_SYS_FUNC -D   #
#                          MT_ZDO_FUNC -D HAL_UART -D HAL_UART=TRUE -D        #
#                          HAL_DMA=TRUE -D HAL_LCD=FALSE -D HAL_KEY=FALSE     #
#                          -lC D:\zigbee\projects\zstack-cc2530-coordinator\P #
#                          rojects\zstack\Samples\GenericApp\CC2530DB\Coordin #
#                          atorEB\List\ -lA D:\zigbee\projects\zstack-cc2530- #
#                          coordinator\Projects\zstack\Samples\GenericApp\CC2 #
#                          530DB\CoordinatorEB\List\ --diag_suppress          #
#                          Pe001,Pa010 -o D:\zigbee\projects\zstack-cc2530-co #
#                          ordinator\Projects\zstack\Samples\GenericApp\CC253 #
#                          0DB\CoordinatorEB\Obj\ -e --require_prototypes     #
#                          --no_code_motion --debug --core=plain --dptr=16,1  #
#                          --data_model=large --code_model=banked             #
#                          --calling_convention=xdata_reentrant               #
#                          --place_constants=data_rom --nr_virtual_regs 16    #
#                          -I D:\zigbee\projects\zstack-cc2530-coordinator\Pr #
#                          ojects\zstack\Samples\GenericApp\CC2530DB\ -I      #
#                          D:\zigbee\projects\zstack-cc2530-coordinator\Proje #
#                          cts\zstack\Samples\GenericApp\CC2530DB\..\Source\  #
#                          -I D:\zigbee\projects\zstack-cc2530-coordinator\Pr #
#                          ojects\zstack\Samples\GenericApp\CC2530DB\..\..\.. #
#                          \ZMain\TI2530DB\ -I D:\zigbee\projects\zstack-cc25 #
#                          30-coordinator\Projects\zstack\Samples\GenericApp\ #
#                          CC2530DB\..\..\..\..\..\Components\hal\include\    #
#                          -I D:\zigbee\projects\zstack-cc2530-coordinator\Pr #
#                          ojects\zstack\Samples\GenericApp\CC2530DB\..\..\.. #
#                          \..\..\Components\hal\target\CC2530EB\ -I          #
#                          D:\zigbee\projects\zstack-cc2530-coordinator\Proje #
#                          cts\zstack\Samples\GenericApp\CC2530DB\..\..\..\.. #
#                          \..\Components\mac\include\ -I                     #
#                          D:\zigbee\projects\zstack-cc2530-coordinator\Proje #
#                          cts\zstack\Samples\GenericApp\CC2530DB\..\..\..\.. #
#                          \..\Components\mac\high_level\ -I                  #
#                          D:\zigbee\projects\zstack-cc2530-coordinator\Proje #
#                          cts\zstack\Samples\GenericApp\CC2530DB\..\..\..\.. #
#                          \..\Components\mac\low_level\srf04\ -I             #
#                          D:\zigbee\projects\zstack-cc2530-coordinator\Proje #
#                          cts\zstack\Samples\GenericApp\CC2530DB\..\..\..\.. #
#                          \..\Components\mac\low_level\srf04\single_chip\    #
#                          -I D:\zigbee\projects\zstack-cc2530-coordinator\Pr #
#                          ojects\zstack\Samples\GenericApp\CC2530DB\..\..\.. #
#                          \..\..\Components\mt\ -I                           #
#                          D:\zigbee\projects\zstack-cc2530-coordinator\Proje #
#                          cts\zstack\Samples\GenericApp\CC2530DB\..\..\..\.. #
#                          \..\Components\osal\include\ -I                    #
#                          D:\zigbee\projects\zstack-cc2530-coordinator\Proje #
#                          cts\zstack\Samples\GenericApp\CC2530DB\..\..\..\.. #
#                          \..\Components\osal\mcu\ccsoc\ -I                  #
#                          D:\zigbee\projects\zstack-cc2530-coordinator\Proje #
#                          cts\zstack\Samples\GenericApp\CC2530DB\..\..\..\.. #
#                          \..\Components\services\saddr\ -I                  #
#                          D:\zigbee\projects\zstack-cc2530-coordinator\Proje #
#                          cts\zstack\Samples\GenericApp\CC2530DB\..\..\..\.. #
#                          \..\Components\services\sdata\ -I                  #
#                          D:\zigbee\projects\zstack-cc2530-coordinator\Proje #
#                          cts\zstack\Samples\GenericApp\CC2530DB\..\..\..\.. #
#                          \..\Components\stack\af\ -I                        #
#                          D:\zigbee\projects\zstack-cc2530-coordinator\Proje #
#                          cts\zstack\Samples\GenericApp\CC2530DB\..\..\..\.. #
#                          \..\Components\stack\nwk\ -I                       #
#                          D:\zigbee\projects\zstack-cc2530-coordinator\Proje #
#                          cts\zstack\Samples\GenericApp\CC2530DB\..\..\..\.. #
#                          \..\Components\stack\sapi\ -I                      #
#                          D:\zigbee\projects\zstack-cc2530-coordinator\Proje #
#                          cts\zstack\Samples\GenericApp\CC2530DB\..\..\..\.. #
#                          \..\Components\stack\sec\ -I                       #
#                          D:\zigbee\projects\zstack-cc2530-coordinator\Proje #
#                          cts\zstack\Samples\GenericApp\CC2530DB\..\..\..\.. #
#                          \..\Components\stack\sys\ -I                       #
#                          D:\zigbee\projects\zstack-cc2530-coordinator\Proje #
#                          cts\zstack\Samples\GenericApp\CC2530DB\..\..\..\.. #
#                          \..\Components\stack\zdo\ -I                       #
#                          D:\zigbee\projects\zstack-cc2530-coordinator\Proje #
#                          cts\zstack\Samples\GenericApp\CC2530DB\..\..\..\.. #
#                          \..\Components\zmac\ -I D:\zigbee\projects\zstack- #
#                          cc2530-coordinator\Projects\zstack\Samples\Generic #
#                          App\CC2530DB\..\..\..\..\..\Components\zmac\f8w\   #
#                          -I "C:\Program Files (x86)\IAR Systems\Embedded    #
#                          Workbench 5.4\8051\INC\" -I "C:\Program Files      #
#                          (x86)\IAR Systems\Embedded Workbench               #
#                          5.4\8051\INC\CLIB\" -Ohz                           #
#    List file          =  D:\zigbee\projects\zstack-cc2530-coordinator\Proje #
#                          cts\zstack\Samples\GenericApp\CC2530DB\Coordinator #
#                          EB\List\hal_adc.lst                                #
#    Object file        =  D:\zigbee\projects\zstack-cc2530-coordinator\Proje #
#                          cts\zstack\Samples\GenericApp\CC2530DB\Coordinator #
#                          EB\Obj\hal_adc.r51                                 #
#                                                                             #
#                                                                             #
###############################################################################

D:\zigbee\projects\zstack-cc2530-coordinator\Components\hal\target\CC2530EB\hal_adc.c
      1          /**************************************************************************************************
      2            Filename:       hal_adc.c
      3            Revised:        $Date: 2010-03-12 16:10:36 -0800 (Fri, 12 Mar 2010) $
      4            Revision:       $Revision: 21910 $
      5          
      6            Description:    This file contains the interface to the HAL ADC.
      7          
      8          
      9            Copyright 2006-2010 Texas Instruments Incorporated. All rights reserved.
     10          
     11            IMPORTANT: Your use of this Software is limited to those specific rights
     12            granted under the terms of a software license agreement between the user
     13            who downloaded the software, his/her employer (which must be your employer)
     14            and Texas Instruments Incorporated (the "License").  You may not use this
     15            Software unless you agree to abide by the terms of the License. The License
     16            limits your use, and you acknowledge, that the Software may not be modified,
     17            copied or distributed unless embedded on a Texas Instruments microcontroller
     18            or used solely and exclusively in conjunction with a Texas Instruments radio
     19            frequency transceiver, which is integrated into your product.  Other than for
     20            the foregoing purpose, you may not use, reproduce, copy, prepare derivative
     21            works of, modify, distribute, perform, display or sell this Software and/or
     22            its documentation for any purpose.
     23          
     24            YOU FURTHER ACKNOWLEDGE AND AGREE THAT THE SOFTWARE AND DOCUMENTATION ARE
     25            PROVIDED “AS IS” WITHOUT WARRANTY OF ANY KIND, EITHER EXPRESS OR IMPLIED,
     26            INCLUDING WITHOUT LIMITATION, ANY WARRANTY OF MERCHANTABILITY, TITLE,
     27            NON-INFRINGEMENT AND FITNESS FOR A PARTICULAR PURPOSE. IN NO EVENT SHALL
     28            TEXAS INSTRUMENTS OR ITS LICENSORS BE LIABLE OR OBLIGATED UNDER CONTRACT,
     29            NEGLIGENCE, STRICT LIABILITY, CONTRIBUTION, BREACH OF WARRANTY, OR OTHER
     30            LEGAL EQUITABLE THEORY ANY DIRECT OR INDIRECT DAMAGES OR EXPENSES
     31            INCLUDING BUT NOT LIMITED TO ANY INCIDENTAL, SPECIAL, INDIRECT, PUNITIVE
     32            OR CONSEQUENTIAL DAMAGES, LOST PROFITS OR LOST DATA, COST OF PROCUREMENT
     33            OF SUBSTITUTE GOODS, TECHNOLOGY, SERVICES, OR ANY CLAIMS BY THIRD PARTIES
     34            (INCLUDING BUT NOT LIMITED TO ANY DEFENSE THEREOF), OR OTHER SIMILAR COSTS.
     35          
     36            Should you have any questions regarding your right to use this Software,
     37            contact Texas Instruments Incorporated at www.TI.com.
     38          **************************************************************************************************/
     39          
     40          /**************************************************************************************************
     41           *                                           INCLUDES
     42           **************************************************************************************************/
     43          
     44          #include  "hal_adc.h"

   \                                 In  segment SFR_AN, at 0xb4
   \   unsigned char volatile __sfr ADCCON1
   \                     ADCCON1:
   \   000000                DS 1

   \                                 In  segment SFR_AN, at 0xb6
   \   unsigned char volatile __sfr ADCCON3
   \                     ADCCON3:
   \   000000                DS 1

   \                                 In  segment SFR_AN, at 0xba
   \   unsigned char volatile __sfr ADCL
   \                     ADCL:
   \   000000                DS 1

   \                                 In  segment SFR_AN, at 0xbb
   \   unsigned char volatile __sfr ADCH
   \                     ADCH:
   \   000000                DS 1

   \                                 In  segment SFR_AN, at 0xf2
   \   unsigned char volatile __sfr ADCCFG
   \                     ADCCFG:
   \   000000                DS 1
     45          #include  "hal_defs.h"
     46          #include  "hal_mcu.h"
     47          #include  "hal_types.h"
     48          
     49          /**************************************************************************************************
     50           *                                            CONSTANTS
     51           **************************************************************************************************/
     52          #define HAL_ADC_EOC         0x80    /* End of Conversion bit */
     53          #define HAL_ADC_START       0x40    /* Starts Conversion */
     54          
     55          #define HAL_ADC_STSEL_EXT   0x00    /* External Trigger */
     56          #define HAL_ADC_STSEL_FULL  0x10    /* Full Speed, No Trigger */
     57          #define HAL_ADC_STSEL_T1C0  0x20    /* Timer1, Channel 0 Compare Event Trigger */
     58          #define HAL_ADC_STSEL_ST    0x30    /* ADCCON1.ST =1 Trigger */
     59          
     60          #define HAL_ADC_RAND_NORM   0x00    /* Normal Operation */
     61          #define HAL_ADC_RAND_LFSR   0x04    /* Clock LFSR */
     62          #define HAL_ADC_RAND_SEED   0x08    /* Seed Modulator */
     63          #define HAL_ADC_RAND_STOP   0x0c    /* Stop Random Generator */
     64          #define HAL_ADC_RAND_BITS   0x0c    /* Bits [3:2] */
     65          
     66          #define HAL_ADC_DEC_064     0x00    /* Decimate by 64 : 8-bit resolution */
     67          #define HAL_ADC_DEC_128     0x10    /* Decimate by 128 : 10-bit resolution */
     68          #define HAL_ADC_DEC_256     0x20    /* Decimate by 256 : 12-bit resolution */
     69          #define HAL_ADC_DEC_512     0x30    /* Decimate by 512 : 14-bit resolution */
     70          #define HAL_ADC_DEC_BITS    0x30    /* Bits [5:4] */
     71          
     72          #define HAL_ADC_STSEL       HAL_ADC_STSEL_ST
     73          #define HAL_ADC_RAND_GEN    HAL_ADC_RAND_STOP
     74          #define HAL_ADC_REF_VOLT    HAL_ADC_REF_AVDD
     75          #define HAL_ADC_DEC_RATE    HAL_ADC_DEC_064
     76          #define HAL_ADC_SCHN        HAL_ADC_CHN_VDD3
     77          #define HAL_ADC_ECHN        HAL_ADC_CHN_GND
     78          
     79          /* ------------------------------------------------------------------------------------------------
     80           *                                       Local Variables
     81           * ------------------------------------------------------------------------------------------------
     82           */
     83          
     84          #if (HAL_ADC == TRUE)

   \                                 In  segment XDATA_Z, align 1, keep-with-next
     85          static uint8 adcRef;
   \                     adcRef:
   \   000000                DS 1
   \   000001                REQUIRE __INIT_XDATA_Z
     86          #endif
     87          
     88          /**************************************************************************************************
     89           * @fn      HalAdcInit
     90           *
     91           * @brief   Initialize ADC Service
     92           *
     93           * @param   None
     94           *
     95           * @return  None
     96           **************************************************************************************************/

   \                                 In  segment BANKED_CODE, align 1, keep-with-next
     97          void HalAdcInit (void)
   \                     HalAdcInit:
     98          {
   \   000000   C082         PUSH    DPL
   \   000002   C083         PUSH    DPH
   \   000004                ; Saved register size: 2
   \   000004                ; Auto size: 0
     99          #if (HAL_ADC == TRUE)
    100            adcRef = HAL_ADC_REF_VOLT;
   \   000004   7480         MOV     A,#-0x80
   \   000006                REQUIRE ?Subroutine0
   \   000006                ; // Fall through to label ?Subroutine0
    101          #endif
    102          }

   \                                 In  segment BANKED_CODE, align 1, keep-with-next
   \                     ?Subroutine0:
   \   000000   90....       MOV     DPTR,#adcRef
   \   000003   F0           MOVX    @DPTR,A
   \   000004   D083         POP     DPH
   \   000006   D082         POP     DPL
   \   000008   02....       LJMP    ?BRET
    103          
    104          /**************************************************************************************************
    105           * @fn      HalAdcRead
    106           *
    107           * @brief   Read the ADC based on given channel and resolution
    108           *
    109           * @param   channel - channel where ADC will be read
    110           * @param   resolution - the resolution of the value
    111           *
    112           * @return  16 bit value of the ADC in offset binary format.
    113           *
    114           *          Note that the ADC is "bipolar", which means the GND (0V) level is mid-scale.
    115           *          Note2: This function assumes that ADCCON3 contains the voltage reference.
    116           **************************************************************************************************/

   \                                 In  segment BANKED_CODE, align 1, keep-with-next
    117          uint16 HalAdcRead (uint8 channel, uint8 resolution)
   \                     HalAdcRead:
    118          {
   \   000000   74F6         MOV     A,#-0xa
   \   000002   12....       LCALL   ?BANKED_ENTER_XDATA
   \   000005                ; Saved register size: 10
   \   000005                ; Auto size: 0
   \   000005   E9           MOV     A,R1
   \   000006   FC           MOV     R4,A
   \   000007   EA           MOV     A,R2
   \   000008   FD           MOV     R5,A
    119            int16  reading = 0;
    120          
    121          #if (HAL_ADC == TRUE)
    122            uint8   i, resbits;
    123            uint8  adcChannel = 1;
   \   000009   7B01         MOV     R3,#0x1
    124          
    125            /*
    126             * If Analog input channel is AIN0..AIN7, make sure corresponing P0 I/O pin is enabled.  The code
    127             * does NOT disable the pin at the end of this function.  I think it is better to leave the pin
    128             * enabled because the results will be more accurate.  Because of the inherent capacitance on the
    129             * pin, it takes time for the voltage on the pin to charge up to its steady-state level.  If
    130             * HalAdcRead() has to turn on the pin for every conversion, the results may show a lower voltage
    131             * than actuality because the pin did not have time to fully charge.
    132             */
    133            if (channel < 8)
   \   00000B   EC           MOV     A,R4
   \   00000C   C3           CLR     C
   \   00000D   9408         SUBB    A,#0x8
   \   00000F   500E         JNC     ??HalAdcRead_0
    134            {
    135              for (i=0; i < channel; i++)
   \   000011   7A00         MOV     R2,#0x0
   \   000013   8005         SJMP    ??HalAdcRead_1
    136              {
    137                adcChannel <<= 1;
   \                     ??HalAdcRead_2:
   \   000015   EB           MOV     A,R3
   \   000016   C3           CLR     C
   \   000017   33           RLC     A
   \   000018   FB           MOV     R3,A
    138              }
   \   000019   0A           INC     R2
   \                     ??HalAdcRead_1:
   \   00001A   EA           MOV     A,R2
   \   00001B   C3           CLR     C
   \   00001C   9C           SUBB    A,R4
   \   00001D   40F6         JC      ??HalAdcRead_2
    139            }
    140          
    141            /* Enable channel */
    142            ADCCFG |= adcChannel;
   \                     ??HalAdcRead_0:
   \   00001F   EB           MOV     A,R3
   \   000020   45F2         ORL     A,0xf2
   \   000022   F5F2         MOV     0xf2,A
    143          
    144            /* Convert resolution to decimation rate */
    145            switch (resolution)
   \   000024   ED           MOV     A,R5
   \   000025   12....       LCALL   ?UC_SWITCH_DENSE
   \                     `?<Jumptable for HalAdcRead>_0`:
   \   000028   01           DB        1
   \   000029   02           DB        2
   \   00002A   ....         DW        ??HalAdcRead_3
   \   00002C   ....         DW        ??HalAdcRead_4
   \   00002E   ....         DW        ??HalAdcRead_5
   \   000030   ....         DW        ??HalAdcRead_6
    146            {
    147              case HAL_ADC_RESOLUTION_8:
    148                resbits = HAL_ADC_DEC_064;
   \                     ??HalAdcRead_4:
   \   000032   E4           CLR     A
   \   000033   800A         SJMP    ??HalAdcRead_7
    149                break;
    150              case HAL_ADC_RESOLUTION_10:
    151                resbits = HAL_ADC_DEC_128;
   \                     ??HalAdcRead_5:
   \   000035   7410         MOV     A,#0x10
   \   000037   8006         SJMP    ??HalAdcRead_7
    152                break;
    153              case HAL_ADC_RESOLUTION_12:
    154                resbits = HAL_ADC_DEC_256;
   \                     ??HalAdcRead_6:
   \   000039   7420         MOV     A,#0x20
   \   00003B   8002         SJMP    ??HalAdcRead_7
    155                break;
    156              case HAL_ADC_RESOLUTION_14:
    157              default:
    158                resbits = HAL_ADC_DEC_512;
   \                     ??HalAdcRead_3:
   \   00003D   7430         MOV     A,#0x30
    159                break;
    160            }
    161          
    162            /* writing to this register starts the extra conversion */
    163            ADCCON3 = channel | resbits | adcRef;
   \                     ??HalAdcRead_7:
   \   00003F   90....       MOV     DPTR,#adcRef
   \   000042   4C           ORL     A,R4
   \   000043   FA           MOV     R2,A
   \   000044   E0           MOVX    A,@DPTR
   \   000045   4A           ORL     A,R2
   \   000046   F5B6         MOV     0xb6,A
    164          
    165            /* Wait for the conversion to be done */
    166            while (!(ADCCON1 & HAL_ADC_EOC));
   \                     ??HalAdcRead_8:
   \   000048   E5B4         MOV     A,0xb4
   \   00004A   A2E7         MOV     C,0xE0 /* A   */.7
   \   00004C   50FA         JNC     ??HalAdcRead_8
    167          
    168            /* Disable channel after done conversion */
    169            ADCCFG &= (adcChannel ^ 0xFF);
   \   00004E   74FF         MOV     A,#-0x1
   \   000050   6B           XRL     A,R3
   \   000051   55F2         ANL     A,0xf2
   \   000053   F5F2         MOV     0xf2,A
    170          
    171            /* Read the result */
    172            reading = (int16) (ADCL);
   \   000055   E5BA         MOV     A,0xba
   \   000057   F5..         MOV     ?V0 + 0,A
    173            reading |= (int16) (ADCH << 8);
   \   000059   E5BB         MOV     A,0xbb
   \   00005B   AA..         MOV     R2,?V0 + 0
   \   00005D   FB           MOV     R3,A
    174          
    175            /* Treat small negative as 0 */
    176            if (reading < 0)
   \   00005E   C3           CLR     C
   \   00005F   9400         SUBB    A,#0x0
   \   000061   A2D2         MOV     C,0xD0 /* PSW */.2
   \   000063   65D0         XRL     A,PSW
   \   000065   33           RLC     A
   \   000066   5004         JNC     ??HalAdcRead_9
    177              reading = 0;
   \   000068   7A00         MOV     R2,#0x0
   \   00006A   7B00         MOV     R3,#0x0
    178          
    179            switch (resolution)
   \                     ??HalAdcRead_9:
   \   00006C   ED           MOV     A,R5
   \   00006D   12....       LCALL   ?UC_SWITCH_DENSE
   \                     `?<Jumptable for HalAdcRead>_1`:
   \   000070   01           DB        1
   \   000071   02           DB        2
   \   000072   ....         DW        ??HalAdcRead_10
   \   000074   ....         DW        ??HalAdcRead_11
   \   000076   ....         DW        ??HalAdcRead_12
   \   000078   ....         DW        ??HalAdcRead_13
    180            {
    181              case HAL_ADC_RESOLUTION_8:
    182                reading >>= 8;
   \                     ??HalAdcRead_11:
   \   00007A   8A..         MOV     ?V0 + 0,R2
   \   00007C   8B..         MOV     ?V0 + 1,R3
   \   00007E   7408         MOV     A,#0x8
   \   000080   8016         SJMP    ??HalAdcRead_14
    183                break;
    184              case HAL_ADC_RESOLUTION_10:
    185                reading >>= 6;
   \                     ??HalAdcRead_12:
   \   000082   8A..         MOV     ?V0 + 0,R2
   \   000084   8B..         MOV     ?V0 + 1,R3
   \   000086   7406         MOV     A,#0x6
   \   000088   800E         SJMP    ??HalAdcRead_14
    186                break;
    187              case HAL_ADC_RESOLUTION_12:
    188                reading >>= 4;
   \                     ??HalAdcRead_13:
   \   00008A   8A..         MOV     ?V0 + 0,R2
   \   00008C   8B..         MOV     ?V0 + 1,R3
   \   00008E   7404         MOV     A,#0x4
   \   000090   8006         SJMP    ??HalAdcRead_14
    189                break;
    190              case HAL_ADC_RESOLUTION_14:
    191              default:
    192                reading >>= 2;
   \                     ??HalAdcRead_10:
   \   000092   8A..         MOV     ?V0 + 0,R2
   \   000094   8B..         MOV     ?V0 + 1,R3
   \   000096   7402         MOV     A,#0x2
   \                     ??HalAdcRead_14:
   \   000098   78..         MOV     R0,#?V0 + 0
   \   00009A   12....       LCALL   ?SS_SHR
   \   00009D   AA..         MOV     R2,?V0 + 0
   \   00009F   AB..         MOV     R3,?V0 + 1
    193              break;
    194            }
    195          #else
    196            // unused arguments
    197            (void) channel;
    198            (void) resolution;
    199          #endif
    200          
    201            return ((uint16)reading);
   \   0000A1   7F02         MOV     R7,#0x2
   \   0000A3   02....       LJMP    ?BANKED_LEAVE_XDATA
   \   0000A6                REQUIRE ADCCON1
   \   0000A6                REQUIRE ADCCON3
   \   0000A6                REQUIRE ADCL
   \   0000A6                REQUIRE ADCH
   \   0000A6                REQUIRE ADCCFG
    202          }
    203          
    204          /**************************************************************************************************
    205           * @fn      HalAdcSetReference
    206           *
    207           * @brief   Sets the reference voltage for the ADC and initializes the service
    208           *
    209           * @param   reference - the reference voltage to be used by the ADC
    210           *
    211           * @return  none
    212           *
    213           **************************************************************************************************/

   \                                 In  segment BANKED_CODE, align 1, keep-with-next
    214          void HalAdcSetReference ( uint8 reference )
   \                     HalAdcSetReference:
    215          {
   \   000000   C082         PUSH    DPL
   \   000002   C083         PUSH    DPH
   \   000004                ; Saved register size: 2
   \   000004                ; Auto size: 0
    216          #if (HAL_ADC == TRUE)
    217            adcRef = reference;
   \   000004   E9           MOV     A,R1
   \   000005   02....       LJMP    ?Subroutine0 & 0xFFFF
    218          #endif
    219          }
    220          
    221          /*********************************************************************
    222           * @fn      HalAdcCheckVdd
    223           *
    224           * @brief   Check for minimum Vdd specified.
    225           *
    226           * @param   vdd - The board-specific Vdd reading to check for.
    227           *
    228           * @return  TRUE if the Vdd measured is greater than the 'vdd' minimum parameter;
    229           *          FALSE if not.
    230           *
    231           *********************************************************************/

   \                                 In  segment BANKED_CODE, align 1, keep-with-next
    232          bool HalAdcCheckVdd(uint8 vdd)
   \                     HalAdcCheckVdd:
    233          {
   \   000000                ; Saved register size: 0
   \   000000                ; Auto size: 0
   \   000000   E9           MOV     A,R1
   \   000001   FA           MOV     R2,A
    234            ADCCON3 = 0x0F;
   \   000002   75B60F       MOV     0xb6,#0xf
    235            while (!(ADCCON1 & 0x80));
   \                     ??HalAdcCheckVdd_0:
   \   000005   E5B4         MOV     A,0xb4
   \   000007   A2E7         MOV     C,0xE0 /* A   */.7
   \   000009   50FA         JNC     ??HalAdcCheckVdd_0
    236            return (ADCH > vdd);
   \   00000B   EA           MOV     A,R2
   \   00000C   C3           CLR     C
   \   00000D   95BB         SUBB    A,0xbb
   \   00000F   5004         JNC     ??HalAdcCheckVdd_1
   \   000011   7901         MOV     R1,#0x1
   \   000013   8002         SJMP    ??HalAdcCheckVdd_2
   \                     ??HalAdcCheckVdd_1:
   \   000015   7900         MOV     R1,#0x0
   \                     ??HalAdcCheckVdd_2:
   \   000017   02....       LJMP    ?BRET
   \   00001A                REQUIRE ADCCON1
   \   00001A                REQUIRE ADCCON3
   \   00001A                REQUIRE ADCH
    237          }

   \                                 In  segment BANK_RELAYS, align 1
   \                     ??HalAdcInit?relay:
   \   000000   12....       LCALL   ?BDISPATCH
   \   000003   ......       DC24    HalAdcInit

   \                                 In  segment BANK_RELAYS, align 1
   \                     ??HalAdcRead?relay:
   \   000000   12....       LCALL   ?BDISPATCH
   \   000003   ......       DC24    HalAdcRead

   \                                 In  segment BANK_RELAYS, align 1
   \                     ??HalAdcSetReference?relay:
   \   000000   12....       LCALL   ?BDISPATCH
   \   000003   ......       DC24    HalAdcSetReference

   \                                 In  segment BANK_RELAYS, align 1
   \                     ??HalAdcCheckVdd?relay:
   \   000000   12....       LCALL   ?BDISPATCH
   \   000003   ......       DC24    HalAdcCheckVdd
    238          
    239          /**************************************************************************************************
    240          **************************************************************************************************/

   Maximum stack usage in bytes:

     Function           ISTACK PSTACK XSTACK
     --------           ------ ------ ------
     HalAdcCheckVdd         0      0      0
     HalAdcInit             2      0      0
     HalAdcRead             0      0     10
     HalAdcSetReference     2      0      0


   Segment part sizes:

     Function/Label             Bytes
     --------------             -----
     ADCCON1                       1
     ADCCON3                       1
     ADCL                          1
     ADCH                          1
     ADCCFG                        1
     adcRef                        1
     HalAdcInit                    6
     ?Subroutine0                 11
     HalAdcRead                  166
     HalAdcSetReference            8
     HalAdcCheckVdd               26
     ??HalAdcInit?relay            6
     ??HalAdcRead?relay            6
     ??HalAdcSetReference?relay    6
     ??HalAdcCheckVdd?relay        6

 
 217 bytes in segment BANKED_CODE
  24 bytes in segment BANK_RELAYS
   5 bytes in segment SFR_AN
   1 byte  in segment XDATA_Z
 
 241 bytes of CODE  memory
   0 bytes of DATA  memory (+ 5 bytes shared)
   1 byte  of XDATA memory

Errors: none
Warnings: none
